d:\fase1-eda\fase1-eda\debug\vc142.pdb
d:\fase1-eda\fase1-eda\debug\vc142.idb
d:\fase1-eda\fase1-eda\debug\source.obj
d:\fase1-eda\fase1-eda\debug\operation.obj
d:\fase1-eda\fase1-eda\debug\job.obj
d:\fase1-eda\debug\fase1-eda.exe
d:\fase1-eda\fase1-eda\debug\fase1-eda.ilk
d:\fase1-eda\debug\fase1-eda.pdb
c:\users\house\downloads\fase1-eda\fase1-eda\fase1-eda\debug\job.obj
c:\users\house\downloads\fase1-eda\fase1-eda\fase1-eda\debug\machine.obj
c:\users\house\downloads\fase1-eda\fase1-eda\fase1-eda\debug\operation.obj
c:\users\house\downloads\fase1-eda\fase1-eda\fase1-eda\debug\source.obj
c:\users\house\downloads\fase1-eda\fase1-eda\fase1-eda\debug\fase1-eda.ilk
c:\users\house\downloads\fase1-eda\fase1-eda\fase1-eda\debug\vc142.idb
c:\users\house\downloads\fase1-eda\fase1-eda\fase1-eda\debug\vc142.pdb
c:\users\house\downloads\fase1-eda\fase1-eda\debug\fase1-eda.pdb
c:\users\house\downloads\fase1-eda\fase1-eda\debug\fase1-eda.exe
c:\users\house\downloads\fase1-eda\fase1-eda\fase1-eda\debug\fase1-eda.tlog\cl.command.1.tlog
c:\users\house\downloads\fase1-eda\fase1-eda\fase1-eda\debug\fase1-eda.tlog\cl.read.1.tlog
c:\users\house\downloads\fase1-eda\fase1-eda\fase1-eda\debug\fase1-eda.tlog\cl.write.1.tlog
c:\users\house\downloads\fase1-eda\fase1-eda\fase1-eda\debug\fase1-eda.tlog\link.command.1.tlog
c:\users\house\downloads\fase1-eda\fase1-eda\fase1-eda\debug\fase1-eda.tlog\link.read.1.tlog
c:\users\house\downloads\fase1-eda\fase1-eda\fase1-eda\debug\fase1-eda.tlog\link.write.1.tlog
